<?xml version="1.0" encoding="UTF-8"?>
<!-- Generated by org.testng.reporters.JUnitReportReporter -->
<testsuite skipped="0" hostname="shanmukh" name="getRequest.GetData" tests="2" failures="0" timestamp="08 Jul 2019 15:58:53 GMT" time="5.401" errors="0">
  <testcase name="testresponsecode" time="0.359" classname="getRequest.GetData"/>
  <testcase name="testbody" time="5.042" classname="getRequest.GetData"/>
</testsuite> <!-- getRequest.GetData -->
